[2026-06-02 09:09:58] [INFO] ========== 对账单导入开始 ==========
[2026-06-02 09:09:58] [INFO] 文件检查通过: C:\Users\28312\WorkBuddy\2026-05-18-task-15\广发易淘金PC版-普通对账单结果查询.xlsx (44,412 bytes)
[2026-06-02 09:09:58] [INFO] 已备份旧 broker_statement.json
[2026-06-02 09:09:58] [INFO] 数据库现有: 33 条交易, 2 持仓, 3 已清仓
[2026-06-02 09:09:58] [INFO] 检测到 19 列，首列: '业务日期'
[2026-06-02 09:09:58] [INFO] 列名: 中文→English (19/19 列映射)
[2026-06-02 09:09:58] [INFO] 成功解析 38 行数据
[2026-06-02 09:09:58] [ERROR] 行 35: 缺少键 ['date', 'code', 'type', 'qty', 'price'], trade={}
[2026-06-02 09:09:58] [WARNING] 共 1 行验证失败，已跳过
[2026-06-02 09:09:58] [INFO] 有效交易: 37 条 (跳过1错误, 0IPO, 0重复)
[2026-06-02 09:09:58] [INFO] broker_statement.json 已保存
[2026-06-02 09:09:58] [INFO] SQLite 写入成功: 2 持仓 + 4 已清仓 + 37 交易
[2026-06-02 09:09:58] [INFO] ========== 导入完成 (成功) ==========
[2026-06-02 09:11:48] [INFO] ========== 对账单导入开始 ==========
[2026-06-02 09:11:48] [INFO] 文件检查通过: C:\Users\28312\WorkBuddy\2026-05-18-task-15\广发易淘金PC版-普通对账单结果查询.xlsx (44,412 bytes)
[2026-06-02 09:11:48] [INFO] 已备份旧 broker_statement.json
[2026-06-02 09:11:48] [INFO] 数据库现有: 37 条交易, 2 持仓, 4 已清仓
[2026-06-02 09:11:48] [INFO] 检测到 19 列，首列: '业务日期'
[2026-06-02 09:11:48] [INFO] 列名: 中文→English (19/19 列映射)
[2026-06-02 09:11:48] [INFO] 成功解析 38 行数据
[2026-06-02 09:11:48] [ERROR] 行 35: 缺少键 ['date', 'code', 'type', 'qty', 'price'], trade={}
[2026-06-02 09:11:48] [WARNING] 共 1 行验证失败，已跳过
[2026-06-02 09:11:48] [INFO] 有效交易: 37 条 (跳过1错误, 0IPO, 0重复)
[2026-06-02 09:11:48] [INFO] broker_statement.json 已保存
[2026-06-02 09:11:48] [INFO] SQLite 写入成功: 2 持仓 + 4 已清仓 + 37 交易
[2026-06-02 09:11:48] [INFO] ========== 导入完成 (成功) ==========
[2026-06-03 14:50:32] [INFO] ========== 对账单导入开始 ==========
[2026-06-03 14:50:32] [INFO] 文件检查通过: C:\Users\28312\WorkBuddy\2026-05-18-task-15\广发易淘金PC版-普通对账单结果查询.xlsx (44,412 bytes)
[2026-06-03 14:50:32] [INFO] 已备份旧 broker_statement.json
[2026-06-03 14:50:32] [INFO] 数据库现有: 37 条交易, 2 持仓, 4 已清仓
[2026-06-03 14:50:32] [WARNING] pandas 未安装，无法解析 Excel
[2026-06-03 14:53:59] [INFO] ========== 对账单导入开始 ==========
[2026-06-03 14:53:59] [INFO] 文件检查通过: C:\Users\28312\WorkBuddy\2026-05-18-task-15\广发易淘金PC版-普通对账单结果查询.xlsx (44,412 bytes)
[2026-06-03 14:53:59] [INFO] 已备份旧 broker_statement.json
[2026-06-03 14:53:59] [INFO] 数据库现有: 37 条交易, 2 持仓, 4 已清仓
[2026-06-03 14:53:59] [INFO] 检测到 19 列，首列: '业务日期', 数据行数: 38
[2026-06-03 14:53:59] [INFO] 列名: 中文→English (已映射)
[2026-06-03 14:53:59] [INFO] 成功解析 38 行数据
[2026-06-03 14:53:59] [ERROR] 行 35: 缺少键 ['date', 'code', 'type', 'qty', 'price'], trade={}
[2026-06-03 14:53:59] [WARNING] 共 1 行验证失败，已跳过
[2026-06-03 14:53:59] [INFO] 有效交易: 37 条 (跳过1错误, 0IPO, 0重复)
[2026-06-03 14:53:59] [INFO] broker_statement.json 已保存
[2026-06-03 14:53:59] [INFO] SQLite 写入成功: 2 持仓 + 4 已清仓 + 37 交易
[2026-06-03 14:53:59] [INFO] ========== 导入完成 (成功) ==========
[2026-06-03 14:54:34] [INFO] ========== 对账单导入开始 ==========
[2026-06-03 14:54:34] [INFO] 文件检查通过: C:\Users\28312\WorkBuddy\2026-05-18-task-15\广发易淘金PC版-普通对账单结果查询.xlsx (44,412 bytes)
[2026-06-03 14:54:34] [INFO] 已备份旧 broker_statement.json
[2026-06-03 14:54:34] [INFO] 数据库现有: 37 条交易, 2 持仓, 4 已清仓
[2026-06-03 14:54:34] [INFO] 检测到 19 列，首列: '业务日期', 数据行数: 38
[2026-06-03 14:54:34] [INFO] 列名: 中文→English (已映射)
[2026-06-03 14:54:34] [INFO] 成功解析 38 行数据
[2026-06-03 14:54:34] [ERROR] 行 35: 缺少键 ['date', 'code', 'type', 'qty', 'price'], trade={}
[2026-06-03 14:54:34] [WARNING] 共 1 行验证失败，已跳过
[2026-06-03 14:54:34] [INFO] 有效交易: 37 条 (跳过1错误, 0IPO, 0重复)
[2026-06-03 14:54:34] [INFO] broker_statement.json 已保存
[2026-06-03 14:54:34] [INFO] SQLite 写入成功: 2 持仓 + 4 已清仓 + 37 交易
[2026-06-03 14:54:34] [INFO] ========== 导入完成 (成功) ==========
[2026-06-03 23:59:48] [INFO] ========== 对账单导入开始 ==========
[2026-06-03 23:59:48] [INFO] 文件检查通过: C:\Users\28312\WorkBuddy\2026-05-18-task-15\广发易淘金PC版-普通对账单结果查询.xlsx (44,412 bytes)
[2026-06-03 23:59:48] [INFO] 已备份旧 broker_statement.json
[2026-06-03 23:59:48] [INFO] 数据库现有: 37 条交易, 2 持仓, 4 已清仓
[2026-06-03 23:59:48] [INFO] 检测到 19 列，首列: '业务日期', 数据行数: 38
[2026-06-03 23:59:48] [INFO] 列名: 中文→English (已映射)
[2026-06-03 23:59:48] [INFO] 成功解析 38 行数据
[2026-06-03 23:59:48] [ERROR] 行 35: 缺少键 ['date', 'code', 'type', 'qty', 'price'], trade={}
[2026-06-03 23:59:48] [WARNING] 共 1 行验证失败，已跳过
[2026-06-03 23:59:48] [INFO] 有效交易: 37 条 (跳过1错误, 0IPO, 0重复)
[2026-06-03 23:59:48] [INFO] broker_statement.json 已保存
[2026-06-03 23:59:48] [INFO] SQLite 写入成功: 2 持仓 + 4 已清仓 + 37 交易
[2026-06-03 23:59:48] [INFO] ========== 导入完成 (成功) ==========
